<?xml version="1.0" encoding="UTF-8" ?>
<testsuite tests="2" failures="0" name="com.qa.runners.MyRunnerTest" time="0.244" errors="2" skipped="0">
  <properties>
[...]
</properties>
  <testcase classname="Google Maps Proof Of Concept" name="GMaps search for restaurants nearby" time="0.234">
    <error message="&apos;void org.openqa.selenium.remote.http.ClientConfig.&lt;init&gt;(java.net.URI, java.time.Duration, java.time.Duration, org.openqa.selenium.remote.http.Filter, java.net.Proxy, org.openqa.selenium.Credentials)&apos;" type="java.lang.NoSuchMethodError">java.lang.NoSuchMethodError: &apos;void org.openqa.selenium.remote.http.ClientConfig.&lt;init&gt;(java.net.URI, java.time.Duration, java.time.Duration, org.openqa.selenium.remote.http.Filter, java.net.Proxy, org.openqa.selenium.Credentials)&apos;
	at io.appium.java_client.AppiumClientConfig.&lt;init&gt;(AppiumClientConfig.java:62)
	at io.appium.java_client.AppiumClientConfig.defaultConfig(AppiumClientConfig.java:79)
	at io.appium.java_client.remote.AppiumCommandExecutor.&lt;init&gt;(AppiumCommandExecutor.java:109)
	at io.appium.java_client.AppiumDriver.&lt;init&gt;(AppiumDriver.java:92)
	at io.appium.java_client.android.AndroidDriver.&lt;init&gt;(AndroidDriver.java:117)
	at com.qa.stepdef.Hooks.initialize(Hooks.java:41)
</error>
    <system-out>
Scenario: GMaps search for restaurants nearby # src/test/resources/GoogleMapsPOC.feature:3
      java.lang.NoSuchMethodError: &apos;void org.openqa.selenium.remote.http.ClientConfig.&lt;init&gt;(java.net.URI, java.time.Duration, java.time.Duration, org.openqa.selenium.remote.http.Filter, java.net.Proxy, org.openqa.selenium.Credentials)&apos;
	at io.appium.java_client.AppiumClientConfig.&lt;init&gt;(AppiumClientConfig.java:62)
	at io.appium.java_client.AppiumClientConfig.defaultConfig(AppiumClientConfig.java:79)
	at io.appium.java_client.remote.AppiumCommandExecutor.&lt;init&gt;(AppiumCommandExecutor.java:109)
	at io.appium.java_client.AppiumDriver.&lt;init&gt;(AppiumDriver.java:92)
	at io.appium.java_client.android.AndroidDriver.&lt;init&gt;(AndroidDriver.java:117)
	at com.qa.stepdef.Hooks.initialize(Hooks.java:41)

  Given Open Google Maps                      # com.qa.stepdef.GoogleMapsStepDef.openGoogleMaps()
  Then Search for Nearby Restaurants          # com.qa.stepdef.GoogleMapsStepDef.searchForNearbyRestaurants()
  Then Open only opened restaurants nearby    # com.qa.stepdef.GoogleMapsStepDef.openOnlyOpenedRestaurantsNearby()
  And Confirm it is open                      # com.qa.stepdef.GoogleMapsStepDef.confirmItIsOpen()
  And Get back to Map view                    # com.qa.stepdef.GoogleMapsStepDef.getBackToMapView()
</system-out>
  </testcase>
  <testcase classname="Google Maps Proof Of Concept" name="GMaps get distance to Marina beach" time="0.01">
    <error message="&apos;void org.openqa.selenium.remote.http.ClientConfig.&lt;init&gt;(java.net.URI, java.time.Duration, java.time.Duration, org.openqa.selenium.remote.http.Filter, java.net.Proxy, org.openqa.selenium.Credentials)&apos;" type="java.lang.NoSuchMethodError">java.lang.NoSuchMethodError: &apos;void org.openqa.selenium.remote.http.ClientConfig.&lt;init&gt;(java.net.URI, java.time.Duration, java.time.Duration, org.openqa.selenium.remote.http.Filter, java.net.Proxy, org.openqa.selenium.Credentials)&apos;
	at io.appium.java_client.AppiumClientConfig.&lt;init&gt;(AppiumClientConfig.java:62)
	at io.appium.java_client.AppiumClientConfig.defaultConfig(AppiumClientConfig.java:79)
	at io.appium.java_client.remote.AppiumCommandExecutor.&lt;init&gt;(AppiumCommandExecutor.java:109)
	at io.appium.java_client.AppiumDriver.&lt;init&gt;(AppiumDriver.java:92)
	at io.appium.java_client.android.AndroidDriver.&lt;init&gt;(AndroidDriver.java:117)
	at com.qa.stepdef.Hooks.initialize(Hooks.java:41)
</error>
    <system-out>
Scenario: GMaps get distance to Marina beach # src/test/resources/GoogleMapsPOC.feature:10
      java.lang.NoSuchMethodError: &apos;void org.openqa.selenium.remote.http.ClientConfig.&lt;init&gt;(java.net.URI, java.time.Duration, java.time.Duration, org.openqa.selenium.remote.http.Filter, java.net.Proxy, org.openqa.selenium.Credentials)&apos;
	at io.appium.java_client.AppiumClientConfig.&lt;init&gt;(AppiumClientConfig.java:62)
	at io.appium.java_client.AppiumClientConfig.defaultConfig(AppiumClientConfig.java:79)
	at io.appium.java_client.remote.AppiumCommandExecutor.&lt;init&gt;(AppiumCommandExecutor.java:109)
	at io.appium.java_client.AppiumDriver.&lt;init&gt;(AppiumDriver.java:92)
	at io.appium.java_client.android.AndroidDriver.&lt;init&gt;(AndroidDriver.java:117)
	at com.qa.stepdef.Hooks.initialize(Hooks.java:41)

  Given Search for Marina Beach              # com.qa.stepdef.GoogleMapsStepDef.searchForMarinaBeach()
  And Get Directions                         # com.qa.stepdef.GoogleMapsStepDef.getDirections()
  Then Get the Distance                      # com.qa.stepdef.GoogleMapsStepDef.getDistance()
</system-out>
  </testcase>
</testsuite>